<?xml version="1.0" encoding="UTF-8"?>
<!-- Generated by org.testng.reporters.JUnitXMLReporter -->
<testsuite ignored="2" hostname="DESKTOP-7E29BLJ" failures="0" tests="1" name="Test" time="8.029" errors="0" timestamp="2025-01-16T20:34:50 IST">
  <testcase classname="testscript.LoginTest" name="loginWithIncorrectPasswordAndUsername" time="2.546"/>
  <testcase classname="testscript.LoginTest" name="loginTestWithIncorrectPassword" time="0.0">
    <ignored/>
  </testcase> <!-- loginTestWithIncorrectPassword -->
  <testcase classname="testscript.LoginTest" name="verifyTheUserIsAbleToLoginWithCorrectUserNameAndPassword" time="0.0">
    <ignored/>
  </testcase> <!-- verifyTheUserIsAbleToLoginWithCorrectUserNameAndPassword -->
</testsuite> <!-- Test -->
