<?xml version="1.0" encoding="UTF-8"?>
<testng-results ignored="0" total="6" passed="6" failed="0" skipped="0">
  <reporter-output>
  </reporter-output>
  <suite started-at="2025-01-16T19:36:22 IST" name="crossbrowser testing" finished-at="2025-01-16T19:36:56 IST" duration-ms="34463">
    <groups>
    </groups>
    <test started-at="2025-01-16T19:36:22 IST" name="chrometest" finished-at="2025-01-16T19:36:34 IST" duration-ms="11978">
      <class name="testscript.ManageContactTest">
        <test-method is-config="true" signature="instalizeBrowser(java.lang.String)[pri:0, instance:testscript.ManageContactTest@7dc3712]" started-at="2025-01-16T19:36:27 IST" name="instalizeBrowser" finished-at="2025-01-16T19:36:28 IST" duration-ms="1676" status="PASS">
          <params>
            <param index="0">
              <value>
                <![CDATA[chrome]]>
              </value>
            </param>
          </params>
          <reporter-output>
          </reporter-output>
        </test-method> <!-- instalizeBrowser -->
        <test-method signature="verifyManageContactUpdateButtonTest()[pri:0, instance:testscript.ManageContactTest@7dc3712]" started-at="2025-01-16T19:36:28 IST" name="verifyManageContactUpdateButtonTest" finished-at="2025-01-16T19:36:30 IST" duration-ms="1242" status="PASS">
          <reporter-output>
          </reporter-output>
        </test-method> <!-- verifyManageContactUpdateButtonTest -->
        <test-method is-config="true" signature="browserQuit(org.testng.ITestResult)[pri:0, instance:testscript.ManageContactTest@7dc3712]" started-at="2025-01-16T19:36:30 IST" name="browserQuit" finished-at="2025-01-16T19:36:30 IST" duration-ms="1" status="PASS">
          <params>
            <param index="0">
              <value>
                <![CDATA[[TestResult name=verifyManageContactUpdateButtonTest status=SUCCESS method=ManageContactTest.verifyManageContactUpdateButtonTest()[pri:0, instance:testscript.ManageContactTest@7dc3712] output={null}]]]>
              </value>
            </param>
          </params>
          <reporter-output>
          </reporter-output>
        </test-method> <!-- browserQuit -->
        <test-method is-config="true" signature="instalizeBrowser(java.lang.String)[pri:0, instance:testscript.ManageContactTest@7dc3712]" started-at="2025-01-16T19:36:30 IST" name="instalizeBrowser" finished-at="2025-01-16T19:36:31 IST" duration-ms="1777" status="PASS">
          <params>
            <param index="0">
              <value>
                <![CDATA[chrome]]>
              </value>
            </param>
          </params>
          <reporter-output>
          </reporter-output>
        </test-method> <!-- instalizeBrowser -->
        <test-method signature="verifyManageContactUpdateTest()[pri:0, instance:testscript.ManageContactTest@7dc3712]" started-at="2025-01-16T19:36:31 IST" name="verifyManageContactUpdateTest" finished-at="2025-01-16T19:36:34 IST" duration-ms="2416" status="PASS">
          <reporter-output>
          </reporter-output>
        </test-method> <!-- verifyManageContactUpdateTest -->
        <test-method is-config="true" signature="browserQuit(org.testng.ITestResult)[pri:0, instance:testscript.ManageContactTest@7dc3712]" started-at="2025-01-16T19:36:34 IST" name="browserQuit" finished-at="2025-01-16T19:36:34 IST" duration-ms="1" status="PASS">
          <params>
            <param index="0">
              <value>
                <![CDATA[[TestResult name=verifyManageContactUpdateTest status=SUCCESS method=ManageContactTest.verifyManageContactUpdateTest()[pri:0, instance:testscript.ManageContactTest@7dc3712] output={null}]]]>
              </value>
            </param>
          </params>
          <reporter-output>
          </reporter-output>
        </test-method> <!-- browserQuit -->
      </class> <!-- testscript.ManageContactTest -->
      <class name="testscript.HomePageTest">
        <test-method is-config="true" signature="instalizeBrowser(java.lang.String)[pri:0, instance:testscript.HomePageTest@6cd24612]" started-at="2025-01-16T19:36:22 IST" name="instalizeBrowser" finished-at="2025-01-16T19:36:24 IST" duration-ms="2263" status="PASS">
          <params>
            <param index="0">
              <value>
                <![CDATA[chrome]]>
              </value>
            </param>
          </params>
          <reporter-output>
          </reporter-output>
        </test-method> <!-- instalizeBrowser -->
        <test-method signature="verifyLogoutFunctionality()[pri:0, instance:testscript.HomePageTest@6cd24612]" started-at="2025-01-16T19:36:24 IST" name="verifyLogoutFunctionality" finished-at="2025-01-16T19:36:27 IST" duration-ms="2525" status="PASS">
          <reporter-output>
          </reporter-output>
        </test-method> <!-- verifyLogoutFunctionality -->
        <test-method is-config="true" signature="browserQuit(org.testng.ITestResult)[pri:0, instance:testscript.HomePageTest@6cd24612]" started-at="2025-01-16T19:36:27 IST" name="browserQuit" finished-at="2025-01-16T19:36:27 IST" duration-ms="3" status="PASS">
          <params>
            <param index="0">
              <value>
                <![CDATA[[TestResult name=verifyLogoutFunctionality status=SUCCESS method=HomePageTest.verifyLogoutFunctionality()[pri:0, instance:testscript.HomePageTest@6cd24612] output={null}]]]>
              </value>
            </param>
          </params>
          <reporter-output>
          </reporter-output>
        </test-method> <!-- browserQuit -->
      </class> <!-- testscript.HomePageTest -->
    </test> <!-- chrometest -->
    <test started-at="2025-01-16T19:36:34 IST" name="edgetest" finished-at="2025-01-16T19:36:56 IST" duration-ms="21993">
      <class name="testscript.ManageNewsTest">
        <test-method is-config="true" signature="instalizeBrowser(java.lang.String)[pri:0, instance:testscript.ManageNewsTest@5852c06f]" started-at="2025-01-16T19:36:34 IST" name="instalizeBrowser" finished-at="2025-01-16T19:36:38 IST" duration-ms="3630" status="PASS">
          <params>
            <param index="0">
              <value>
                <![CDATA[edge]]>
              </value>
            </param>
          </params>
          <reporter-output>
          </reporter-output>
        </test-method> <!-- instalizeBrowser -->
        <test-method signature="newsTest()[pri:0, instance:testscript.ManageNewsTest@5852c06f]" started-at="2025-01-16T19:36:38 IST" name="newsTest" finished-at="2025-01-16T19:36:40 IST" duration-ms="2157" status="PASS">
          <reporter-output>
          </reporter-output>
        </test-method> <!-- newsTest -->
        <test-method is-config="true" signature="browserQuit(org.testng.ITestResult)[pri:0, instance:testscript.ManageNewsTest@5852c06f]" started-at="2025-01-16T19:36:40 IST" name="browserQuit" finished-at="2025-01-16T19:36:40 IST" duration-ms="0" status="PASS">
          <params>
            <param index="0">
              <value>
                <![CDATA[[TestResult name=newsTest status=SUCCESS method=ManageNewsTest.newsTest()[pri:0, instance:testscript.ManageNewsTest@5852c06f] output={null}]]]>
              </value>
            </param>
          </params>
          <reporter-output>
          </reporter-output>
        </test-method> <!-- browserQuit -->
      </class> <!-- testscript.ManageNewsTest -->
      <class name="testscript.SubCatagoryTest">
        <test-method is-config="true" signature="instalizeBrowser(java.lang.String)[pri:0, instance:testscript.SubCatagoryTest@9cb8225]" started-at="2025-01-16T19:36:46 IST" name="instalizeBrowser" finished-at="2025-01-16T19:36:50 IST" duration-ms="3578" status="PASS">
          <params>
            <param index="0">
              <value>
                <![CDATA[edge]]>
              </value>
            </param>
          </params>
          <reporter-output>
          </reporter-output>
        </test-method> <!-- instalizeBrowser -->
        <test-method signature="verifySubCatagoryFunctionality()[pri:0, instance:testscript.SubCatagoryTest@9cb8225]" started-at="2025-01-16T19:36:50 IST" name="verifySubCatagoryFunctionality" finished-at="2025-01-16T19:36:56 IST" duration-ms="6692" status="PASS">
          <reporter-output>
          </reporter-output>
        </test-method> <!-- verifySubCatagoryFunctionality -->
        <test-method is-config="true" signature="browserQuit(org.testng.ITestResult)[pri:0, instance:testscript.SubCatagoryTest@9cb8225]" started-at="2025-01-16T19:36:56 IST" name="browserQuit" finished-at="2025-01-16T19:36:56 IST" duration-ms="1" status="PASS">
          <params>
            <param index="0">
              <value>
                <![CDATA[[TestResult name=verifySubCatagoryFunctionality status=SUCCESS method=SubCatagoryTest.verifySubCatagoryFunctionality()[pri:0, instance:testscript.SubCatagoryTest@9cb8225] output={null}]]]>
              </value>
            </param>
          </params>
          <reporter-output>
          </reporter-output>
        </test-method> <!-- browserQuit -->
      </class> <!-- testscript.SubCatagoryTest -->
      <class name="testscript.ManageProductTest">
        <test-method is-config="true" signature="instalizeBrowser(java.lang.String)[pri:0, instance:testscript.ManageProductTest@4149c063]" started-at="2025-01-16T19:36:40 IST" name="instalizeBrowser" finished-at="2025-01-16T19:36:44 IST" duration-ms="3736" status="PASS">
          <params>
            <param index="0">
              <value>
                <![CDATA[edge]]>
              </value>
            </param>
          </params>
          <reporter-output>
          </reporter-output>
        </test-method> <!-- instalizeBrowser -->
        <test-method signature="adminUserTest()[pri:0, instance:testscript.ManageProductTest@4149c063]" started-at="2025-01-16T19:36:44 IST" name="adminUserTest" finished-at="2025-01-16T19:36:46 IST" duration-ms="2182" status="PASS">
          <reporter-output>
          </reporter-output>
        </test-method> <!-- adminUserTest -->
        <test-method is-config="true" signature="browserQuit(org.testng.ITestResult)[pri:0, instance:testscript.ManageProductTest@4149c063]" started-at="2025-01-16T19:36:46 IST" name="browserQuit" finished-at="2025-01-16T19:36:46 IST" duration-ms="1" status="PASS">
          <params>
            <param index="0">
              <value>
                <![CDATA[[TestResult name=adminUserTest status=SUCCESS method=ManageProductTest.adminUserTest()[pri:0, instance:testscript.ManageProductTest@4149c063] output={null}]]]>
              </value>
            </param>
          </params>
          <reporter-output>
          </reporter-output>
        </test-method> <!-- browserQuit -->
      </class> <!-- testscript.ManageProductTest -->
    </test> <!-- edgetest -->
  </suite> <!-- crossbrowser testing -->
</testng-results>
