<?xml version="1.0" encoding="UTF-8"?>
<!-- Generated by org.testng.reporters.JUnitXMLReporter -->
<testsuite ignored="2" hostname="DESKTOP-7E29BLJ" failures="0" tests="1" name="parameter " time="5.991" errors="0" timestamp="2025-01-03T21:15:25 IST">
  <testcase classname="testscript.LoginTest" name="loginTestWithIncorrectPassword" time="0.988"/>
  <testcase classname="testscript.LoginTest" name="loginWithIncorrectPasswordAndUsername" time="0.0">
    <ignored/>
  </testcase> <!-- loginWithIncorrectPasswordAndUsername -->
  <testcase classname="testscript.LoginTest" name="verifyTheUserIsAbleToLoginWithCorrectUserNameAndPassword" time="0.0">
    <ignored/>
  </testcase> <!-- verifyTheUserIsAbleToLoginWithCorrectUserNameAndPassword -->
</testsuite> <!-- parameter  -->
