<?xml version="1.0" encoding="UTF-8"?>
<!-- Generated by org.testng.reporters.JUnitXMLReporter -->
<testsuite ignored="2" hostname="DESKTOP-7E29BLJ" failures="0" tests="1" name="edgetest" time="8.705" errors="0" timestamp="2025-01-07T20:55:10 IST">
  <testcase classname="testscript.LoginTest" name="verifyTheUserIsAbleToLoginWithCorrectUserNameAndPassword" time="1.456"/>
  <testcase classname="testscript.LoginTest" name="loginTestWithIncorrectPassword" time="0.0">
    <ignored/>
  </testcase> <!-- loginTestWithIncorrectPassword -->
  <testcase classname="testscript.LoginTest" name="loginWithIncorrectPasswordAndUsername" time="0.0">
    <ignored/>
  </testcase> <!-- loginWithIncorrectPasswordAndUsername -->
</testsuite> <!-- edgetest -->
