<?xml version="1.0" encoding="UTF-8"?>
<testng-results ignored="0" total="1" passed="1" failed="0" skipped="0">
  <reporter-output>
  </reporter-output>
  <suite started-at="2025-01-16T20:34:41 IST" name="Suite" finished-at="2025-01-16T20:34:49 IST" duration-ms="8029">
    <groups>
      <group name="regression">
        <method signature="LoginTest.loginWithIncorrectPasswordAndUsername()[pri:0, instance:testscript.LoginTest@19e4653c]" name="loginWithIncorrectPasswordAndUsername" class="testscript.LoginTest"/>
      </group> <!-- regression -->
    </groups>
    <test started-at="2025-01-16T20:34:41 IST" name="Test" finished-at="2025-01-16T20:34:49 IST" duration-ms="8029">
      <class name="testscript.LoginTest">
        <test-method is-config="true" signature="instalizeBrowser(java.lang.String)[pri:0, instance:testscript.LoginTest@19e4653c]" started-at="2025-01-16T20:34:41 IST" name="instalizeBrowser" finished-at="2025-01-16T20:34:47 IST" duration-ms="5401" status="PASS">
          <params>
            <param index="0">
              <value>
                <![CDATA[chrome]]>
              </value>
            </param>
          </params>
          <reporter-output>
          </reporter-output>
        </test-method> <!-- instalizeBrowser -->
        <test-method signature="loginWithIncorrectPasswordAndUsername()[pri:0, instance:testscript.LoginTest@19e4653c]" started-at="2025-01-16T20:34:47 IST" name="loginWithIncorrectPasswordAndUsername" finished-at="2025-01-16T20:34:49 IST" duration-ms="2546" status="PASS">
          <reporter-output>
          </reporter-output>
        </test-method> <!-- loginWithIncorrectPasswordAndUsername -->
        <test-method is-config="true" signature="browserQuit(org.testng.ITestResult)[pri:0, instance:testscript.LoginTest@19e4653c]" started-at="2025-01-16T20:34:49 IST" name="browserQuit" finished-at="2025-01-16T20:34:49 IST" duration-ms="2" status="PASS">
          <params>
            <param index="0">
              <value>
                <![CDATA[[TestResult name=loginWithIncorrectPasswordAndUsername status=SUCCESS method=LoginTest.loginWithIncorrectPasswordAndUsername()[pri:0, instance:testscript.LoginTest@19e4653c] output={null}]]]>
              </value>
            </param>
          </params>
          <reporter-output>
          </reporter-output>
        </test-method> <!-- browserQuit -->
      </class> <!-- testscript.LoginTest -->
    </test> <!-- Test -->
  </suite> <!-- Suite -->
</testng-results>
