<?xml version="1.0" encoding="UTF-8"?>
<!-- Generated by org.testng.reporters.JUnitXMLReporter -->
<testsuite ignored="0" hostname="DESKTOP-7E29BLJ" failures="0" tests="3" name="chrometest" time="11.978" errors="0" timestamp="2025-01-16T19:36:34 IST">
  <testcase classname="testscript.HomePageTest" name="verifyLogoutFunctionality" time="2.525"/>
  <testcase classname="testscript.ManageContactTest" name="verifyManageContactUpdateButtonTest" time="1.242"/>
  <testcase classname="testscript.ManageContactTest" name="verifyManageContactUpdateTest" time="2.416"/>
</testsuite> <!-- chrometest -->
