<?xml version="1.0" encoding="UTF-8"?>
<!-- Generated by org.testng.reporters.JUnitXMLReporter -->
<testsuite ignored="0" hostname="DESKTOP-7E29BLJ" failures="0" tests="3" name="edgetest" time="21.993" errors="0" timestamp="2025-01-16T19:36:56 IST">
  <testcase classname="testscript.ManageNewsTest" name="newsTest" time="2.157"/>
  <testcase classname="testscript.ManageProductTest" name="adminUserTest" time="2.182"/>
  <testcase classname="testscript.SubCatagoryTest" name="verifySubCatagoryFunctionality" time="6.692"/>
</testsuite> <!-- edgetest -->
