<?xml version="1.0" encoding="UTF-8"?>
<!-- Generated by org.testng.reporters.JUnitXMLReporter -->
<testsuite ignored="1" hostname="DESKTOP-7E29BLJ" failures="0" tests="1" name="Default test" time="7.539" errors="0" timestamp="2025-01-14T18:45:02 IST">
  <testcase classname="testscript.ManageContactTest" name="verifyManageContactUpdateTest" time="3.598"/>
  <testcase classname="testscript.ManageContactTest" name="verifyManageContactUpdateButtonTest" time="0.0">
    <ignored/>
  </testcase> <!-- verifyManageContactUpdateButtonTest -->
</testsuite> <!-- Default test -->
